------------------------------------------------------------------------------
                           GCC Code Coverage Report
Directory: /home/anna/CppHomeworks/Homework_10
------------------------------------------------------------------------------
File                                       Lines    Exec  Cover   Missing
------------------------------------------------------------------------------
build/../Rotate.hh                            25      25   100%   
build/../Rotate_test.cpp                     109     109   100%   
------------------------------------------------------------------------------
TOTAL                                        134     134   100%
------------------------------------------------------------------------------
