Build started at 2018-10-26T00:17:56.336509
Main binary: /usr/bin/python3
Python system: Linux
The Meson build system
Version: 0.45.1
Source dir: /home/anna/CppHomeworks/Homework_3
Build dir: /home/anna/CppHomeworks/Homework_3/build
Build type: native build
Project name: myproject
Sanity testing C++ compiler: c++
Is cross compiler: False.
Sanity check compiler command line: c++ /home/anna/CppHomeworks/Homework_3/build/meson-private/sanitycheckcpp.cc -o /home/anna/CppHomeworks/Homework_3/build/meson-private/sanitycheckcpp.exe
Sanity check compile stdout:

-----
Sanity check compile stderr:

-----
Running test binary command: /home/anna/CppHomeworks/Homework_3/build/meson-private/sanitycheckcpp.exe
Native C++ compiler: c++ (gcc 7.3.0 "c++ (Ubuntu 7.3.0-27ubuntu1~18.04) 7.3.0")
Build machine cpu family: x86_64
Build machine cpu: x86_64
Running compile:
Working directory:  /tmp/tmpeezziihr
Command line:  c++ /tmp/tmpeezziihr/testfile.cpp -O0 -fpermissive -Wl,--start-group -lgtest -Wl,--end-group -pipe -D_FILE_OFFSET_BITS=64 -o /tmp/tmpeezziihr/output.exe 

Code:
 int main(int argc, char **argv) { return 0; }
Compiler stdout:
 
Compiler stderr:
 /usr/bin/ld: cannot find -lgtest
collect2: error: ld returned 1 exit status

Running compile:
Working directory:  /tmp/tmpg5r092ki
Command line:  c++ /tmp/tmpg5r092ki/testfile.cpp -O0 -fpermissive -Wl,--start-group -lgtest_main -Wl,--end-group -pipe -D_FILE_OFFSET_BITS=64 -o /tmp/tmpg5r092ki/output.exe 

Code:
 int main(int argc, char **argv) { return 0; }
Compiler stdout:
 
Compiler stderr:
 /usr/bin/ld: cannot find -lgtest_main
collect2: error: ld returned 1 exit status

Dependency GTest found: YES (building self)
Adding test "myclass".
Build targets in project: 1
Found ninja-1.8.2 at /usr/bin/ninja
